[1001/010015.945:ERROR:process_memory_win.cc(73)] ReadMemory at 0x13fab0000 of 64 bytes failed: Only part of a ReadProcessMemory or WriteProcessMemory request was completed. (0x12B)
[1001/010017.152:WARNING:pe_image_reader.cc(340)] could not read dos header from C:\Program Files (x86)\Google\Chrome\Application\chrome.exe
[1001/010017.152:ERROR:process_memory_win.cc(73)] ReadMemory at 0x776e0000 of 64 bytes failed: Only part of a ReadProcessMemory or WriteProcessMemory request was completed. (0x12B)
[1001/010017.152:WARNING:pe_image_reader.cc(340)] could not read dos header from C:\Windows\SYSTEM32\ntdll.dll
[1001/010017.152:ERROR:process_memory_win.cc(73)] ReadMemory at 0x774c0000 of 64 bytes failed: Only part of a ReadProcessMemory or WriteProcessMemory request was completed. (0x12B)
[1001/010017.305:WARNING:pe_image_reader.cc(340)] could not read dos header from C:\Windows\system32\kernel32.dll
[1001/010017.305:ERROR:process_memory_win.cc(73)] ReadMemory at 0x7fefd9a0000 of 64 bytes failed: Only part of a ReadProcessMemory or WriteProcessMemory request was completed. (0x12B)
[1001/010017.305:WARNING:pe_image_reader.cc(340)] could not read dos header from C:\Windows\system32\KERNELBASE.dll
[1001/010017.305:ERROR:process_memory_win.cc(73)] ReadMemory at 0x7fef44e0000 of 64 bytes failed: Only part of a ReadProcessMemory or WriteProcessMemory request was completed. (0x12B)
[1001/010017.305:WARNING:pe_image_reader.cc(340)] could not read dos header from C:\Program Files (x86)\Google\Chrome\Application\77.0.3865.90\chrome_elf.dll
[1001/010017.305:ERROR:process_memory_win.cc(73)] ReadMemory at 0x7fefc7b0000 of 64 bytes failed: Only part of a ReadProcessMemory or WriteProcessMemory request was completed. (0x12B)
[1001/010017.306:WARNING:pe_image_reader.cc(340)] could not read dos header from C:\Windows\system32\VERSION.dll
[1001/010017.306:ERROR:process_memory_win.cc(73)] ReadMemory at 0x7fefde30000 of 64 bytes failed: Only part of a ReadProcessMemory or WriteProcessMemory request was completed. (0x12B)
[1001/010017.306:WARNING:pe_image_reader.cc(340)] could not read dos header from C:\Windows\system32\msvcrt.dll
[1001/010017.306:ERROR:process_memory_win.cc(73)] ReadMemory at 0x7fefeb80000 of 64 bytes failed: Only part of a ReadProcessMemory or WriteProcessMemory request was completed. (0x12B)
[1001/010017.306:WARNING:pe_image_reader.cc(340)] could not read dos header from C:\Windows\system32\SHELL32.dll
[1001/010017.306:ERROR:process_memory_win.cc(73)] ReadMemory at 0x7fefda60000 of 64 bytes failed: Only part of a ReadProcessMemory or WriteProcessMemory request was completed. (0x12B)
[1001/010017.306:WARNING:pe_image_reader.cc(340)] could not read dos header from C:\Windows\system32\SHLWAPI.dll
[1001/010017.306:ERROR:process_memory_win.cc(73)] ReadMemory at 0x7fefe500000 of 64 bytes failed: Only part of a ReadProcessMemory or WriteProcessMemory request was completed. (0x12B)
[1001/010017.306:WARNING:pe_image_reader.cc(340)] could not read dos header from C:\Windows\system32\GDI32.dll
[1001/010017.306:ERROR:process_memory_win.cc(73)] ReadMemory at 0xcf0000 of 64 bytes failed: Only part of a ReadProcessMemory or WriteProcessMemory request was completed. (0x12B)
[1001/010017.306:WARNING:pe_image_reader.cc(340)] could not read dos header from C:\Windows\system32\USER32.dll
[1001/010017.306:ERROR:process_memory_win.cc(73)] ReadMemory at 0x7fefde20000 of 64 bytes failed: Only part of a ReadProcessMemory or WriteProcessMemory request was completed. (0x12B)
[1001/010017.306:WARNING:pe_image_reader.cc(340)] could not read dos header from C:\Windows\system32\LPK.dll
[1001/010017.306:ERROR:process_memory_win.cc(73)] ReadMemory at 0x7fefe1e0000 of 64 bytes failed: Only part of a ReadProcessMemory or WriteProcessMemory request was completed. (0x12B)
[1001/010017.306:WARNING:pe_image_reader.cc(340)] could not read dos header from C:\Windows\system32\USP10.dll
[1001/010017.306:ERROR:process_memory_win.cc(73)] ReadMemory at 0x7fefe4d0000 of 64 bytes failed: Only part of a ReadProcessMemory or WriteProcessMemory request was completed. (0x12B)
[1001/010017.307:WARNING:pe_image_reader.cc(340)] could not read dos header from C:\Windows\system32\IMM32.DLL
[1001/010017.307:ERROR:process_memory_win.cc(73)] ReadMemory at 0x7fefe0c0000 of 64 bytes failed: Only part of a ReadProcessMemory or WriteProcessMemory request was completed. (0x12B)
[1001/010017.307:WARNING:pe_image_reader.cc(340)] could not read dos header from C:\Windows\system32\MSCTF.dll
[1001/010017.307:ERROR:process_memory_win.cc(73)] ReadMemory at 0x7feff910000 of 64 bytes failed: Only part of a ReadProcessMemory or WriteProcessMemory request was completed. (0x12B)
[1001/010017.307:WARNING:pe_image_reader.cc(340)] could not read dos header from C:\Windows\system32\ADVAPI32.dll
[1001/010017.307:ERROR:process_memory_win.cc(73)] ReadMemory at 0x7fefe3e0000 of 64 bytes failed: Only part of a ReadProcessMemory or WriteProcessMemory request was completed. (0x12B)
[1001/010017.307:WARNING:pe_image_reader.cc(340)] could not read dos header from C:\Windows\SYSTEM32\sechost.dll
[1001/010017.307:ERROR:process_memory_win.cc(73)] ReadMemory at 0x7fefdef0000 of 64 bytes failed: Only part of a ReadProcessMemory or WriteProcessMemory request was completed. (0x12B)
[1001/010017.307:WARNING:pe_image_reader.cc(340)] could not read dos header from C:\Windows\system32\RPCRT4.dll
[1001/010017.307:ERROR:process_memory_win.cc(73)] ReadMemory at 0x7fee5fe0000 of 64 bytes failed: Only part of a ReadProcessMemory or WriteProcessMemory request was completed. (0x12B)
[1001/010017.307:WARNING:pe_image_reader.cc(340)] could not read dos header from C:\Program Files (x86)\Google\Chrome\Application\77.0.3865.90\chrome_child.dll
[1001/010017.307:ERROR:process_memory_win.cc(73)] ReadMemory at 0x7fefdae0000 of 64 bytes failed: Only part of a ReadProcessMemory or WriteProcessMemory request was completed. (0x12B)
[1001/010017.307:WARNING:pe_image_reader.cc(340)] could not read dos header from C:\Windows\system32\OLEAUT32.dll
[1001/010017.307:ERROR:process_memory_win.cc(73)] ReadMemory at 0x7fefe750000 of 64 bytes failed: Only part of a ReadProcessMemory or WriteProcessMemory request was completed. (0x12B)
[1001/010017.307:WARNING:pe_image_reader.cc(340)] could not read dos header from C:\Windows\system32\ole32.dll
[1001/010017.307:ERROR:process_memory_win.cc(73)] ReadMemory at 0x7fefe480000 of 64 bytes failed: Only part of a ReadProcessMemory or WriteProcessMemory request was completed. (0x12B)
[1001/010017.307:WARNING:pe_image_reader.cc(340)] could not read dos header from C:\Windows\system32\WS2_32.dll
[1001/010017.307:ERROR:process_memory_win.cc(73)] ReadMemory at 0x7fefe1d0000 of 64 bytes failed: Only part of a ReadProcessMemory or WriteProcessMemory request was completed. (0x12B)
[1001/010017.307:WARNING:pe_image_reader.cc(340)] could not read dos header from C:\Windows\system32\NSI.dll
[1001/010017.308:ERROR:process_memory_win.cc(73)] ReadMemory at 0x7fefb470000 of 64 bytes failed: Only part of a ReadProcessMemory or WriteProcessMemory request was completed. (0x12B)
[1001/010017.308:WARNING:pe_image_reader.cc(340)] could not read dos header from C:\Windows\system32\IPHLPAPI.DLL
[1001/010017.308:ERROR:process_memory_win.cc(73)] ReadMemory at 0x7fefb430000 of 64 bytes failed: Only part of a ReadProcessMemory or WriteProcessMemory request was completed. (0x12B)
[1001/010017.308:WARNING:pe_image_reader.cc(340)] could not read dos header from C:\Windows\system32\WINNSI.DLL
[1001/010017.308:ERROR:process_memory_win.cc(73)] ReadMemory at 0x7fef8af0000 of 64 bytes failed: Only part of a ReadProcessMemory or WriteProcessMemory request was completed. (0x12B)
[1001/010017.308:WARNING:pe_image_reader.cc(340)] could not read dos header from C:\Windows\system32\WINMM.dll
[1001/010017.308:ERROR:process_memory_win.cc(73)] ReadMemory at 0x7fefd6f0000 of 64 bytes failed: Only part of a ReadProcessMemory or WriteProcessMemory request was completed. (0x12B)
[1001/010017.308:WARNING:pe_image_reader.cc(340)] could not read dos header from C:\Windows\system32\WINTRUST.dll
[1001/010017.308:ERROR:process_memory_win.cc(73)] ReadMemory at 0x7fefd770000 of 64 bytes failed: Only part of a ReadProcessMemory or WriteProcessMemory request was completed. (0x12B)
[1001/010017.308:WARNING:pe_image_reader.cc(340)] could not read dos header from C:\Windows\system32\CRYPT32.dll
[1001/010017.308:ERROR:process_memory_win.cc(73)] ReadMemory at 0x7fefd6e0000 of 64 bytes failed: Only part of a ReadProcessMemory or WriteProcessMemory request was completed. (0x12B)
[1001/010017.308:WARNING:pe_image_reader.cc(340)] could not read dos header from C:\Windows\system32\MSASN1.dll
[1001/010017.308:ERROR:process_memory_win.cc(73)] ReadMemory at 0x7fefc980000 of 64 bytes failed: Only part of a ReadProcessMemory or WriteProcessMemory request was completed. (0x12B)
[1001/010017.308:WARNING:pe_image_reader.cc(340)] could not read dos header from C:\Windows\system32\USERENV.dll
[1001/010017.308:ERROR:process_memory_win.cc(73)] ReadMemory at 0x7fefd640000 of 64 bytes failed: Only part of a ReadProcessMemory or WriteProcessMemory request was completed. (0x12B)
[1001/010017.308:WARNING:pe_image_reader.cc(340)] could not read dos header from C:\Windows\system32\profapi.dll
[1001/010017.308:ERROR:process_memory_win.cc(73)] ReadMemory at 0x7fef4360000 of 64 bytes failed: Only part of a ReadProcessMemory or WriteProcessMemory request was completed. (0x12B)
[1001/010017.308:WARNING:pe_image_reader.cc(340)] could not read dos header from C:\Windows\system32\DWrite.dll
[1001/010017.308:ERROR:process_memory_win.cc(73)] ReadMemory at 0x7fef9310000 of 64 bytes failed: Only part of a ReadProcessMemory or WriteProcessMemory request was completed. (0x12B)
[1001/010017.308:WARNING:pe_image_reader.cc(340)] could not read dos header from C:\Windows\system32\WINSPOOL.DRV
[1001/010017.308:ERROR:process_memory_win.cc(73)] ReadMemory at 0x7fef79a0000 of 64 bytes failed: Only part of a ReadProcessMemory or WriteProcessMemory request was completed. (0x12B)
[1001/010017.308:WARNING:pe_image_reader.cc(340)] could not read dos header from C:\Windows\system32\dbghelp.dll
[1001/010017.308:ERROR:process_memory_win.cc(73)] ReadMemory at 0x7fefb0b0000 of 64 bytes failed: Only part of a ReadProcessMemory or WriteProcessMemory request was completed. (0x12B)
[1001/010017.308:WARNING:pe_image_reader.cc(340)] could not read dos header from C:\Windows\system32\WINHTTP.dll
[1001/010017.308:ERROR:process_memory_win.cc(73)] ReadMemory at 0x7fefb040000 of 64 bytes failed: Only part of a ReadProcessMemory or WriteProcessMemory request was completed. (0x12B)
[1001/010017.308:WARNING:pe_image_reader.cc(340)] could not read dos header from C:\Windows\system32\webio.dll
[1001/010017.308:ERROR:process_memory_win.cc(73)] ReadMemory at 0x7fefd310000 of 64 bytes failed: Only part of a ReadProcessMemory or WriteProcessMemory request was completed. (0x12B)
[1001/010017.308:WARNING:pe_image_reader.cc(340)] could not read dos header from C:\Windows\system32\Secur32.dll
[1001/010017.309:ERROR:process_memory_win.cc(73)] ReadMemory at 0x7fefd4e0000 of 64 bytes failed: Only part of a ReadProcessMemory or WriteProcessMemory request was completed. (0x12B)
[1001/010017.309:WARNING:pe_image_reader.cc(340)] could not read dos header from C:\Windows\system32\SSPICLI.DLL
[1001/010017.309:ERROR:process_memory_win.cc(73)] ReadMemory at 0x7fefb320000 of 64 bytes failed: Only part of a ReadProcessMemory or WriteProcessMemory request was completed. (0x12B)
[1001/010017.309:WARNING:pe_image_reader.cc(340)] could not read dos header from C:\Windows\system32\dhcpcsvc.DLL
[1001/010017.309:ERROR:process_memory_win.cc(73)] ReadMemory at 0x7fefd570000 of 64 bytes failed: Only part of a ReadProcessMemory or WriteProcessMemory request was completed. (0x12B)
[1001/010017.309:WARNING:pe_image_reader.cc(340)] could not read dos header from C:\Windows\system32\cryptbase.dll
[1001/010017.309:ERROR:process_memory_win.cc(73)] ReadMemory at 0x7fefb860000 of 64 bytes failed: Only part of a ReadProcessMemory or WriteProcessMemory request was completed. (0x12B)
[1001/010017.309:WARNING:pe_image_reader.cc(340)] could not read dos header from C:\Windows\system32\uxtheme.dll
[1001/010017.309:ERROR:process_memory_win.cc(73)] ReadMemory at 0x13fab0000 of 64 bytes failed: Only part of a ReadProcessMemory or WriteProcessMemory request was completed. (0x12B)
[1001/010017.309:WARNING:pe_image_reader.cc(340)] could not read dos header from C:\Program Files (x86)\Google\Chrome\Application\chrome.exe
[1001/010017.309:ERROR:process_memory_win.cc(73)] ReadMemory at 0x776e0000 of 64 bytes failed: Only part of a ReadProcessMemory or WriteProcessMemory request was completed. (0x12B)
[1001/010017.309:WARNING:pe_image_reader.cc(340)] could not read dos header from C:\Windows\SYSTEM32\ntdll.dll
[1001/010017.309:ERROR:process_memory_win.cc(73)] ReadMemory at 0x774c0000 of 64 bytes failed: Only part of a ReadProcessMemory or WriteProcessMemory request was completed. (0x12B)
[1001/010017.309:WARNING:pe_image_reader.cc(340)] could not read dos header from C:\Windows\system32\kernel32.dll
[1001/010017.309:ERROR:process_memory_win.cc(73)] ReadMemory at 0x7fefd9a0000 of 64 bytes failed: Only part of a ReadProcessMemory or WriteProcessMemory request was completed. (0x12B)
[1001/010017.309:WARNING:pe_image_reader.cc(340)] could not read dos header from C:\Windows\system32\KERNELBASE.dll
[1001/010017.309:ERROR:process_memory_win.cc(73)] ReadMemory at 0x7fef44e0000 of 64 bytes failed: Only part of a ReadProcessMemory or WriteProcessMemory request was completed. (0x12B)
[1001/010017.310:WARNING:pe_image_reader.cc(340)] could not read dos header from C:\Program Files (x86)\Google\Chrome\Application\77.0.3865.90\chrome_elf.dll
[1001/010017.310:ERROR:process_memory_win.cc(73)] ReadMemory at 0x7fefc7b0000 of 64 bytes failed: Only part of a ReadProcessMemory or WriteProcessMemory request was completed. (0x12B)
[1001/010017.310:WARNING:pe_image_reader.cc(340)] could not read dos header from C:\Windows\system32\VERSION.dll
[1001/010017.310:ERROR:process_memory_win.cc(73)] ReadMemory at 0x7fefde30000 of 64 bytes failed: Only part of a ReadProcessMemory or WriteProcessMemory request was completed. (0x12B)
[1001/010017.310:WARNING:pe_image_reader.cc(340)] could not read dos header from C:\Windows\system32\msvcrt.dll
[1001/010017.310:ERROR:process_memory_win.cc(73)] ReadMemory at 0x7fefeb80000 of 64 bytes failed: Only part of a ReadProcessMemory or WriteProcessMemory request was completed. (0x12B)
[1001/010017.310:WARNING:pe_image_reader.cc(340)] could not read dos header from C:\Windows\system32\SHELL32.dll
[1001/010017.310:ERROR:process_memory_win.cc(73)] ReadMemory at 0x7fefda60000 of 64 bytes failed: Only part of a ReadProcessMemory or WriteProcessMemory request was completed. (0x12B)
[1001/010017.310:WARNING:pe_image_reader.cc(340)] could not read dos header from C:\Windows\system32\SHLWAPI.dll
[1001/010017.310:ERROR:process_memory_win.cc(73)] ReadMemory at 0x7fefe500000 of 64 bytes failed: Only part of a ReadProcessMemory or WriteProcessMemory request was completed. (0x12B)
[1001/010017.310:WARNING:pe_image_reader.cc(340)] could not read dos header from C:\Windows\system32\GDI32.dll
[1001/010017.310:ERROR:process_memory_win.cc(73)] ReadMemory at 0xcf0000 of 64 bytes failed: Only part of a ReadProcessMemory or WriteProcessMemory request was completed. (0x12B)
[1001/010017.310:WARNING:pe_image_reader.cc(340)] could not read dos header from C:\Windows\system32\USER32.dll
[1001/010017.310:ERROR:process_memory_win.cc(73)] ReadMemory at 0x7fefde20000 of 64 bytes failed: Only part of a ReadProcessMemory or WriteProcessMemory request was completed. (0x12B)
[1001/010017.310:WARNING:pe_image_reader.cc(340)] could not read dos header from C:\Windows\system32\LPK.dll
[1001/010017.310:ERROR:process_memory_win.cc(73)] ReadMemory at 0x7fefe1e0000 of 64 bytes failed: Only part of a ReadProcessMemory or WriteProcessMemory request was completed. (0x12B)
[1001/010017.310:WARNING:pe_image_reader.cc(340)] could not read dos header from C:\Windows\system32\USP10.dll
[1001/010017.311:ERROR:process_memory_win.cc(73)] ReadMemory at 0x7fefe4d0000 of 64 bytes failed: Only part of a ReadProcessMemory or WriteProcessMemory request was completed. (0x12B)
[1001/010017.311:WARNING:pe_image_reader.cc(340)] could not read dos header from C:\Windows\system32\IMM32.DLL
[1001/010017.311:ERROR:process_memory_win.cc(73)] ReadMemory at 0x7fefe0c0000 of 64 bytes failed: Only part of a ReadProcessMemory or WriteProcessMemory request was completed. (0x12B)
[1001/010017.311:WARNING:pe_image_reader.cc(340)] could not read dos header from C:\Windows\system32\MSCTF.dll
[1001/010017.311:ERROR:process_memory_win.cc(73)] ReadMemory at 0x7feff910000 of 64 bytes failed: Only part of a ReadProcessMemory or WriteProcessMemory request was completed. (0x12B)
[1001/010017.311:WARNING:pe_image_reader.cc(340)] could not read dos header from C:\Windows\system32\ADVAPI32.dll
[1001/010017.311:ERROR:process_memory_win.cc(73)] ReadMemory at 0x7fefe3e0000 of 64 bytes failed: Only part of a ReadProcessMemory or WriteProcessMemory request was completed. (0x12B)
[1001/010017.311:WARNING:pe_image_reader.cc(340)] could not read dos header from C:\Windows\SYSTEM32\sechost.dll
[1001/010017.311:ERROR:process_memory_win.cc(73)] ReadMemory at 0x7fefdef0000 of 64 bytes failed: Only part of a ReadProcessMemory or WriteProcessMemory request was completed. (0x12B)
[1001/010017.311:WARNING:pe_image_reader.cc(340)] could not read dos header from C:\Windows\system32\RPCRT4.dll
[1001/010017.311:ERROR:process_memory_win.cc(73)] ReadMemory at 0x7fee5fe0000 of 64 bytes failed: Only part of a ReadProcessMemory or WriteProcessMemory request was completed. (0x12B)
[1001/010017.311:WARNING:pe_image_reader.cc(340)] could not read dos header from C:\Program Files (x86)\Google\Chrome\Application\77.0.3865.90\chrome_child.dll
[1001/010017.311:ERROR:process_memory_win.cc(73)] ReadMemory at 0x7fefdae0000 of 64 bytes failed: Only part of a ReadProcessMemory or WriteProcessMemory request was completed. (0x12B)
[1001/010017.311:WARNING:pe_image_reader.cc(340)] could not read dos header from C:\Windows\system32\OLEAUT32.dll
[1001/010017.311:ERROR:process_memory_win.cc(73)] ReadMemory at 0x7fefe750000 of 64 bytes failed: Only part of a ReadProcessMemory or WriteProcessMemory request was completed. (0x12B)
[1001/010017.311:WARNING:pe_image_reader.cc(340)] could not read dos header from C:\Windows\system32\ole32.dll
[1001/010017.311:ERROR:process_memory_win.cc(73)] ReadMemory at 0x7fefe480000 of 64 bytes failed: Only part of a ReadProcessMemory or WriteProcessMemory request was completed. (0x12B)
[1001/010017.311:WARNING:pe_image_reader.cc(340)] could not read dos header from C:\Windows\system32\WS2_32.dll
[1001/010017.311:ERROR:process_memory_win.cc(73)] ReadMemory at 0x7fefe1d0000 of 64 bytes failed: Only part of a ReadProcessMemory or WriteProcessMemory request was completed. (0x12B)
[1001/010017.311:WARNING:pe_image_reader.cc(340)] could not read dos header from C:\Windows\system32\NSI.dll
[1001/010017.312:ERROR:process_memory_win.cc(73)] ReadMemory at 0x7fefb470000 of 64 bytes failed: Only part of a ReadProcessMemory or WriteProcessMemory request was completed. (0x12B)
[1001/010017.312:WARNING:pe_image_reader.cc(340)] could not read dos header from C:\Windows\system32\IPHLPAPI.DLL
[1001/010017.312:ERROR:process_memory_win.cc(73)] ReadMemory at 0x7fefb430000 of 64 bytes failed: Only part of a ReadProcessMemory or WriteProcessMemory request was completed. (0x12B)
[1001/010017.312:WARNING:pe_image_reader.cc(340)] could not read dos header from C:\Windows\system32\WINNSI.DLL
[1001/010017.312:ERROR:process_memory_win.cc(73)] ReadMemory at 0x7fef8af0000 of 64 bytes failed: Only part of a ReadProcessMemory or WriteProcessMemory request was completed. (0x12B)
[1001/010017.312:WARNING:pe_image_reader.cc(340)] could not read dos header from C:\Windows\system32\WINMM.dll
[1001/010017.312:ERROR:process_memory_win.cc(73)] ReadMemory at 0x7fefd6f0000 of 64 bytes failed: Only part of a ReadProcessMemory or WriteProcessMemory request was completed. (0x12B)
[1001/010017.312:WARNING:pe_image_reader.cc(340)] could not read dos header from C:\Windows\system32\WINTRUST.dll
[1001/010017.312:ERROR:process_memory_win.cc(73)] ReadMemory at 0x7fefd770000 of 64 bytes failed: Only part of a ReadProcessMemory or WriteProcessMemory request was completed. (0x12B)
[1001/010017.312:WARNING:pe_image_reader.cc(340)] could not read dos header from C:\Windows\system32\CRYPT32.dll
[1001/010017.312:ERROR:process_memory_win.cc(73)] ReadMemory at 0x7fefd6e0000 of 64 bytes failed: Only part of a ReadProcessMemory or WriteProcessMemory request was completed. (0x12B)
[1001/010017.312:WARNING:pe_image_reader.cc(340)] could not read dos header from C:\Windows\system32\MSASN1.dll
[1001/010017.312:ERROR:process_memory_win.cc(73)] ReadMemory at 0x7fefc980000 of 64 bytes failed: Only part of a ReadProcessMemory or WriteProcessMemory request was completed. (0x12B)
[1001/010017.312:WARNING:pe_image_reader.cc(340)] could not read dos header from C:\Windows\system32\USERENV.dll
[1001/010017.312:ERROR:process_memory_win.cc(73)] ReadMemory at 0x7fefd640000 of 64 bytes failed: Only part of a ReadProcessMemory or WriteProcessMemory request was completed. (0x12B)
[1001/010017.312:WARNING:pe_image_reader.cc(340)] could not read dos header from C:\Windows\system32\profapi.dll
[1001/010017.312:ERROR:process_memory_win.cc(73)] ReadMemory at 0x7fef4360000 of 64 bytes failed: Only part of a ReadProcessMemory or WriteProcessMemory request was completed. (0x12B)
[1001/010017.312:WARNING:pe_image_reader.cc(340)] could not read dos header from C:\Windows\system32\DWrite.dll
[1001/010017.312:ERROR:process_memory_win.cc(73)] ReadMemory at 0x7fef9310000 of 64 bytes failed: Only part of a ReadProcessMemory or WriteProcessMemory request was completed. (0x12B)
[1001/010017.312:WARNING:pe_image_reader.cc(340)] could not read dos header from C:\Windows\system32\WINSPOOL.DRV
[1001/010017.312:ERROR:process_memory_win.cc(73)] ReadMemory at 0x7fef79a0000 of 64 bytes failed: Only part of a ReadProcessMemory or WriteProcessMemory request was completed. (0x12B)
[1001/010017.312:WARNING:pe_image_reader.cc(340)] could not read dos header from C:\Windows\system32\dbghelp.dll
[1001/010017.313:ERROR:process_memory_win.cc(73)] ReadMemory at 0x7fefb0b0000 of 64 bytes failed: Only part of a ReadProcessMemory or WriteProcessMemory request was completed. (0x12B)
[1001/010017.313:WARNING:pe_image_reader.cc(340)] could not read dos header from C:\Windows\system32\WINHTTP.dll
[1001/010017.313:ERROR:process_memory_win.cc(73)] ReadMemory at 0x7fefb040000 of 64 bytes failed: Only part of a ReadProcessMemory or WriteProcessMemory request was completed. (0x12B)
[1001/010017.313:WARNING:pe_image_reader.cc(340)] could not read dos header from C:\Windows\system32\webio.dll
[1001/010017.313:ERROR:process_memory_win.cc(73)] ReadMemory at 0x7fefd310000 of 64 bytes failed: Only part of a ReadProcessMemory or WriteProcessMemory request was completed. (0x12B)
[1001/010017.313:WARNING:pe_image_reader.cc(340)] could not read dos header from C:\Windows\system32\Secur32.dll
[1001/010017.313:ERROR:process_memory_win.cc(73)] ReadMemory at 0x7fefd4e0000 of 64 bytes failed: Only part of a ReadProcessMemory or WriteProcessMemory request was completed. (0x12B)
[1001/010017.313:WARNING:pe_image_reader.cc(340)] could not read dos header from C:\Windows\system32\SSPICLI.DLL
[1001/010017.313:ERROR:process_memory_win.cc(73)] ReadMemory at 0x7fefb320000 of 64 bytes failed: Only part of a ReadProcessMemory or WriteProcessMemory request was completed. (0x12B)
[1001/010017.313:WARNING:pe_image_reader.cc(340)] could not read dos header from C:\Windows\system32\dhcpcsvc.DLL
[1001/010017.313:ERROR:process_memory_win.cc(73)] ReadMemory at 0x7fefd570000 of 64 bytes failed: Only part of a ReadProcessMemory or WriteProcessMemory request was completed. (0x12B)
[1001/010017.313:WARNING:pe_image_reader.cc(340)] could not read dos header from C:\Windows\system32\cryptbase.dll
[1001/010017.313:ERROR:process_memory_win.cc(73)] ReadMemory at 0x7fefb860000 of 64 bytes failed: Only part of a ReadProcessMemory or WriteProcessMemory request was completed. (0x12B)
[1001/010017.313:WARNING:pe_image_reader.cc(340)] could not read dos header from C:\Windows\system32\uxtheme.dll
[1001/010017.457:ERROR:process_memory_win.cc(73)] ReadMemory at 0x8dc000 of 81920 bytes failed: Only part of a ReadProcessMemory or WriteProcessMemory request was completed. (0x12B)
[1001/010017.457:ERROR:process_memory_win.cc(73)] ReadMemory at 0x3efd000 of 12288 bytes failed: Only part of a ReadProcessMemory or WriteProcessMemory request was completed. (0x12B)
[1001/010017.457:ERROR:process_memory_win.cc(73)] ReadMemory at 0x511d000 of 12288 bytes failed: Only part of a ReadProcessMemory or WriteProcessMemory request was completed. (0x12B)
[1001/010017.458:ERROR:process_memory_win.cc(73)] ReadMemory at 0x592c000 of 16384 bytes failed: Only part of a ReadProcessMemory or WriteProcessMemory request was completed. (0x12B)
[1001/010017.458:ERROR:process_memory_win.cc(73)] ReadMemory at 0x61df000 of 4096 bytes failed: Only part of a ReadProcessMemory or WriteProcessMemory request was completed. (0x12B)
[1001/010017.458:ERROR:process_memory_win.cc(73)] ReadMemory at 0x6b0e000 of 8192 bytes failed: Only part of a ReadProcessMemory or WriteProcessMemory request was completed. (0x12B)
[1001/010017.458:ERROR:process_memory_win.cc(73)] ReadMemory at 0x733c000 of 16384 bytes failed: Only part of a ReadProcessMemory or WriteProcessMemory request was completed. (0x12B)
[1001/010017.458:ERROR:process_memory_win.cc(73)] ReadMemory at 0x7dbb000 of 20480 bytes failed: Only part of a ReadProcessMemory or WriteProcessMemory request was completed. (0x12B)
[1001/010017.458:ERROR:process_memory_win.cc(73)] ReadMemory at 0x90a8000 of 32768 bytes failed: Only part of a ReadProcessMemory or WriteProcessMemory request was completed. (0x12B)
[1001/010017.459:ERROR:process_memory_win.cc(73)] ReadMemory at 0x9998000 of 32768 bytes failed: Only part of a ReadProcessMemory or WriteProcessMemory request was completed. (0x12B)
[1001/010017.459:ERROR:process_memory_win.cc(73)] ReadMemory at 0xa238000 of 32768 bytes failed: Only part of a ReadProcessMemory or WriteProcessMemory request was completed. (0x12B)
[1001/010017.459:ERROR:process_memory_win.cc(73)] ReadMemory at 0xf66d000 of 12288 bytes failed: Only part of a ReadProcessMemory or WriteProcessMemory request was completed. (0x12B)
[1001/010017.459:ERROR:process_memory_win.cc(73)] ReadMemory at 0xe40c000 of 16384 bytes failed: Only part of a ReadProcessMemory or WriteProcessMemory request was completed. (0x12B)
[1001/010017.460:ERROR:process_memory_win.cc(73)] ReadMemory at 0xbb0b000 of 20480 bytes failed: Only part of a ReadProcessMemory or WriteProcessMemory request was completed. (0x12B)
[1001/010017.460:ERROR:process_memory_win.cc(73)] ReadMemory at 0x1148c000 of 16384 bytes failed: Only part of a ReadProcessMemory or WriteProcessMemory request was completed. (0x12B)
[1001/010017.460:ERROR:process_memory_win.cc(73)] ReadMemory at 0x12cee000 of 8192 bytes failed: Only part of a ReadProcessMemory or WriteProcessMemory request was completed. (0x12B)
[1001/010017.460:ERROR:process_memory_win.cc(73)] ReadMemory at 0x971320 of 3120 bytes failed: Only part of a ReadProcessMemory or WriteProcessMemory request was completed. (0x12B)
[1001/010017.460:ERROR:process_memory_win.cc(73)] ReadMemory at 0x971f60 of 1012 bytes failed: Only part of a ReadProcessMemory or WriteProcessMemory request was completed. (0x12B)
[1001/010017.489:ERROR:process_memory_win.cc(73)] ReadMemory at 0x972568 of 696 bytes failed: Only part of a ReadProcessMemory or WriteProcessMemory request was completed. (0x12B)
[1001/010017.489:ERROR:process_memory_win.cc(73)] ReadMemory at 0x972822 of 118 bytes failed: Only part of a ReadProcessMemory or WriteProcessMemory request was completed. (0x12B)
[1001/010017.490:ERROR:process_memory_win.cc(73)] ReadMemory at 0x97289a of 858 bytes failed: Only part of a ReadProcessMemory or WriteProcessMemory request was completed. (0x12B)
[1001/010017.490:ERROR:process_memory_win.cc(73)] ReadMemory at 0x972bf6 of 118 bytes failed: Only part of a ReadProcessMemory or WriteProcessMemory request was completed. (0x12B)
[1001/010017.490:ERROR:process_memory_win.cc(73)] ReadMemory at 0x972c6e of 94 bytes failed: Only part of a ReadProcessMemory or WriteProcessMemory request was completed. (0x12B)
[1001/010017.490:ERROR:process_memory_win.cc(73)] ReadMemory at 0x972ce0 of 58 bytes failed: Only part of a ReadProcessMemory or WriteProcessMemory request was completed. (0x12B)
[1001/010017.490:ERROR:process_memory_win.cc(73)] ReadMemory at 0x972d70 of 132 bytes failed: Only part of a ReadProcessMemory or WriteProcessMemory request was completed. (0x12B)
[1001/010017.490:ERROR:process_memory_win.cc(73)] ReadMemory at 0x972e60 of 132 bytes failed: Only part of a ReadProcessMemory or WriteProcessMemory request was completed. (0x12B)
[1001/010017.490:ERROR:process_memory_win.cc(73)] ReadMemory at 0x972f78 of 124 bytes failed: Only part of a ReadProcessMemory or WriteProcessMemory request was completed. (0x12B)
[1001/010017.499:ERROR:process_memory_win.cc(73)] ReadMemory at 0x973170 of 512 bytes failed: Only part of a ReadProcessMemory or WriteProcessMemory request was completed. (0x12B)
[1001/010017.499:ERROR:process_memory_win.cc(73)] ReadMemory at 0x9733d0 of 68 bytes failed: Only part of a ReadProcessMemory or WriteProcessMemory request was completed. (0x12B)
[1001/010017.499:ERROR:process_memory_win.cc(73)] ReadMemory at 0x973420 of 132 bytes failed: Only part of a ReadProcessMemory or WriteProcessMemory request was completed. (0x12B)
[1001/010017.499:ERROR:process_memory_win.cc(73)] ReadMemory at 0x974600 of 152 bytes failed: Only part of a ReadProcessMemory or WriteProcessMemory request was completed. (0x12B)
[1001/010017.508:ERROR:process_memory_win.cc(73)] ReadMemory at 0x9746b0 of 132 bytes failed: Only part of a ReadProcessMemory or WriteProcessMemory request was completed. (0x12B)
[1001/010017.508:ERROR:process_memory_win.cc(73)] ReadMemory at 0x974e50 of 60 bytes failed: Only part of a ReadProcessMemory or WriteProcessMemory request was completed. (0x12B)
[1001/010017.508:ERROR:process_memory_win.cc(73)] ReadMemory at 0x974ea0 of 132 bytes failed: Only part of a ReadProcessMemory or WriteProcessMemory request was completed. (0x12B)
[1001/010017.508:ERROR:process_memory_win.cc(73)] ReadMemory at 0x9750f0 of 62 bytes failed: Only part of a ReadProcessMemory or WriteProcessMemory request was completed. (0x12B)
[1001/010017.509:ERROR:process_memory_win.cc(73)] ReadMemory at 0x975140 of 132 bytes failed: Only part of a ReadProcessMemory or WriteProcessMemory request was completed. (0x12B)
[1001/010017.509:ERROR:process_memory_win.cc(73)] ReadMemory at 0x9aff50 of 62 bytes failed: Only part of a ReadProcessMemory or WriteProcessMemory request was completed. (0x12B)
[1001/010017.509:ERROR:process_memory_win.cc(73)] ReadMemory at 0x9affa0 of 132 bytes failed: Only part of a ReadProcessMemory or WriteProcessMemory request was completed. (0x12B)
[1001/010017.516:ERROR:process_memory_win.cc(73)] ReadMemory at 0x9b3220 of 54 bytes failed: Only part of a ReadProcessMemory or WriteProcessMemory request was completed. (0x12B)
[1001/010017.535:ERROR:process_memory_win.cc(73)] ReadMemory at 0x9b43f0 of 62 bytes failed: Only part of a ReadProcessMemory or WriteProcessMemory request was completed. (0x12B)
[1001/010017.535:ERROR:process_memory_win.cc(73)] ReadMemory at 0x9b4440 of 132 bytes failed: Only part of a ReadProcessMemory or WriteProcessMemory request was completed. (0x12B)
[1001/010017.535:ERROR:process_memory_win.cc(73)] ReadMemory at 0x9b4530 of 58 bytes failed: Only part of a ReadProcessMemory or WriteProcessMemory request was completed. (0x12B)
[1001/010017.544:ERROR:process_memory_win.cc(73)] ReadMemory at 0x9b4580 of 132 bytes failed: Only part of a ReadProcessMemory or WriteProcessMemory request was completed. (0x12B)
[1001/010017.562:ERROR:process_memory_win.cc(73)] ReadMemory at 0x9b4670 of 60 bytes failed: Only part of a ReadProcessMemory or WriteProcessMemory request was completed. (0x12B)
[1001/010017.562:ERROR:process_memory_win.cc(73)] ReadMemory at 0x9b46c0 of 132 bytes failed: Only part of a ReadProcessMemory or WriteProcessMemory request was completed. (0x12B)
[1001/010017.562:ERROR:process_memory_win.cc(73)] ReadMemory at 0x9b47b0 of 132 bytes failed: Only part of a ReadProcessMemory or WriteProcessMemory request was completed. (0x12B)
[1001/010017.771:ERROR:process_memory_win.cc(73)] ReadMemory at 0x9b48a0 of 58 bytes failed: Only part of a ReadProcessMemory or WriteProcessMemory request was completed. (0x12B)
[1001/010017.771:ERROR:process_memory_win.cc(73)] ReadMemory at 0x9b48f0 of 132 bytes failed: Only part of a ReadProcessMemory or WriteProcessMemory request was completed. (0x12B)
[1001/010017.771:ERROR:process_memory_win.cc(73)] ReadMemory at 0x9b49e0 of 132 bytes failed: Only part of a ReadProcessMemory or WriteProcessMemory request was completed. (0x12B)
[1001/010017.771:ERROR:process_memory_win.cc(73)] ReadMemory at 0x9b4c40 of 58 bytes failed: Only part of a ReadProcessMemory or WriteProcessMemory request was completed. (0x12B)
[1001/010017.771:ERROR:process_memory_win.cc(73)] ReadMemory at 0x9b4c90 of 58 bytes failed: Only part of a ReadProcessMemory or WriteProcessMemory request was completed. (0x12B)
[1001/010017.771:ERROR:process_memory_win.cc(73)] ReadMemory at 0x9b4ce0 of 64 bytes failed: Only part of a ReadProcessMemory or WriteProcessMemory request was completed. (0x12B)
[1001/010017.771:ERROR:process_memory_win.cc(73)] ReadMemory at 0x9b4d30 of 62 bytes failed: Only part of a ReadProcessMemory or WriteProcessMemory request was completed. (0x12B)
[1001/010017.771:ERROR:process_memory_win.cc(73)] ReadMemory at 0x9b4d80 of 60 bytes failed: Only part of a ReadProcessMemory or WriteProcessMemory request was completed. (0x12B)
[1001/010017.771:ERROR:process_memory_win.cc(73)] ReadMemory at 0x9b4dd0 of 64 bytes failed: Only part of a ReadProcessMemory or WriteProcessMemory request was completed. (0x12B)
[1001/010017.771:ERROR:process_memory_win.cc(73)] ReadMemory at 0x9b4e20 of 58 bytes failed: Only part of a ReadProcessMemory or WriteProcessMemory request was completed. (0x12B)
[1001/010017.771:ERROR:process_memory_win.cc(73)] ReadMemory at 0x9b4e70 of 60 bytes failed: Only part of a ReadProcessMemory or WriteProcessMemory request was completed. (0x12B)
[1001/010017.771:ERROR:process_memory_win.cc(73)] ReadMemory at 0x9b4ec0 of 64 bytes failed: Only part of a ReadProcessMemory or WriteProcessMemory request was completed. (0x12B)
[1001/010017.772:ERROR:process_memory_win.cc(73)] ReadMemory at 0x9b4f10 of 60 bytes failed: Only part of a ReadProcessMemory or WriteProcessMemory request was completed. (0x12B)
[1001/010017.772:ERROR:process_memory_win.cc(73)] ReadMemory at 0x9b4f60 of 58 bytes failed: Only part of a ReadProcessMemory or WriteProcessMemory request was completed. (0x12B)
[1001/010017.772:ERROR:process_memory_win.cc(73)] ReadMemory at 0x9b4fb0 of 64 bytes failed: Only part of a ReadProcessMemory or WriteProcessMemory request was completed. (0x12B)
[1001/010017.772:ERROR:process_memory_win.cc(73)] ReadMemory at 0x9b5000 of 62 bytes failed: Only part of a ReadProcessMemory or WriteProcessMemory request was completed. (0x12B)
[1001/010017.772:ERROR:process_memory_win.cc(73)] ReadMemory at 0x9b5050 of 60 bytes failed: Only part of a ReadProcessMemory or WriteProcessMemory request was completed. (0x12B)
[1001/010017.781:ERROR:process_memory_win.cc(73)] ReadMemory at 0x9b50a0 of 62 bytes failed: Only part of a ReadProcessMemory or WriteProcessMemory request was completed. (0x12B)
[1001/010017.781:ERROR:process_memory_win.cc(73)] ReadMemory at 0x9b50f0 of 62 bytes failed: Only part of a ReadProcessMemory or WriteProcessMemory request was completed. (0x12B)
[1001/010017.781:ERROR:process_memory_win.cc(73)] ReadMemory at 0x9b5140 of 60 bytes failed: Only part of a ReadProcessMemory or WriteProcessMemory request was completed. (0x12B)
[1001/010017.781:ERROR:process_memory_win.cc(73)] ReadMemory at 0x9b5190 of 64 bytes failed: Only part of a ReadProcessMemory or WriteProcessMemory request was completed. (0x12B)
[1001/010017.896:ERROR:process_memory_win.cc(73)] ReadMemory at 0x9b51e0 of 62 bytes failed: Only part of a ReadProcessMemory or WriteProcessMemory request was completed. (0x12B)
[1001/010017.896:ERROR:process_memory_win.cc(73)] ReadMemory at 0x9b5230 of 62 bytes failed: Only part of a ReadProcessMemory or WriteProcessMemory request was completed. (0x12B)
[1001/010017.896:ERROR:process_memory_win.cc(73)] ReadMemory at 0x9b5280 of 58 bytes failed: Only part of a ReadProcessMemory or WriteProcessMemory request was completed. (0x12B)
[1001/010017.896:ERROR:process_memory_win.cc(73)] ReadMemory at 0x9b52d0 of 62 bytes failed: Only part of a ReadProcessMemory or WriteProcessMemory request was completed. (0x12B)
[1001/010017.896:ERROR:process_memory_win.cc(73)] ReadMemory at 0x9b5320 of 62 bytes failed: Only part of a ReadProcessMemory or WriteProcessMemory request was completed. (0x12B)
[1001/010017.896:ERROR:process_memory_win.cc(73)] ReadMemory at 0x9b5370 of 64 bytes failed: Only part of a ReadProcessMemory or WriteProcessMemory request was completed. (0x12B)
[1001/010017.896:ERROR:process_memory_win.cc(73)] ReadMemory at 0x9b5c10 of 132 bytes failed: Only part of a ReadProcessMemory or WriteProcessMemory request was completed. (0x12B)
[1001/010017.897:ERROR:process_memory_win.cc(73)] ReadMemory at 0x9b7610 of 54 bytes failed: Only part of a ReadProcessMemory or WriteProcessMemory request was completed. (0x12B)
[1001/010017.897:ERROR:process_memory_win.cc(73)] ReadMemory at 0x9b8f80 of 132 bytes failed: Only part of a ReadProcessMemory or WriteProcessMemory request was completed. (0x12B)
[1001/010017.897:ERROR:process_memory_win.cc(73)] ReadMemory at 0x9b92a0 of 132 bytes failed: Only part of a ReadProcessMemory or WriteProcessMemory request was completed. (0x12B)
[1001/010017.897:ERROR:process_memory_win.cc(73)] ReadMemory at 0x9b93c0 of 132 bytes failed: Only part of a ReadProcessMemory or WriteProcessMemory request was completed. (0x12B)
[1001/010017.897:ERROR:process_memory_win.cc(73)] ReadMemory at 0x9b94b0 of 132 bytes failed: Only part of a ReadProcessMemory or WriteProcessMemory request was completed. (0x12B)
[1001/010017.897:ERROR:process_memory_win.cc(73)] ReadMemory at 0x9b95a0 of 132 bytes failed: Only part of a ReadProcessMemory or WriteProcessMemory request was completed. (0x12B)
[1001/010017.897:ERROR:process_memory_win.cc(73)] ReadMemory at 0x9b9690 of 132 bytes failed: Only part of a ReadProcessMemory or WriteProcessMemory request was completed. (0x12B)
[1001/010017.897:ERROR:process_memory_win.cc(73)] ReadMemory at 0x9b9780 of 132 bytes failed: Only part of a ReadProcessMemory or WriteProcessMemory request was completed. (0x12B)
[1001/010017.897:ERROR:process_memory_win.cc(73)] ReadMemory at 0x9b9870 of 132 bytes failed: Only part of a ReadProcessMemory or WriteProcessMemory request was completed. (0x12B)
[1001/010017.898:ERROR:process_memory_win.cc(73)] ReadMemory at 0x9b9960 of 132 bytes failed: Only part of a ReadProcessMemory or WriteProcessMemory request was completed. (0x12B)
[1001/010017.898:ERROR:process_memory_win.cc(73)] ReadMemory at 0x9b9a50 of 132 bytes failed: Only part of a ReadProcessMemory or WriteProcessMemory request was completed. (0x12B)
[1001/010017.898:ERROR:process_memory_win.cc(73)] ReadMemory at 0x9b9b40 of 132 bytes failed: Only part of a ReadProcessMemory or WriteProcessMemory request was completed. (0x12B)
[1001/010017.898:ERROR:process_memory_win.cc(73)] ReadMemory at 0x9b9c30 of 132 bytes failed: Only part of a ReadProcessMemory or WriteProcessMemory request was completed. (0x12B)
[1001/010017.898:ERROR:process_memory_win.cc(73)] ReadMemory at 0x9b9d20 of 132 bytes failed: Only part of a ReadProcessMemory or WriteProcessMemory request was completed. (0x12B)
[1001/010017.898:ERROR:process_memory_win.cc(73)] ReadMemory at 0x9b9e10 of 132 bytes failed: Only part of a ReadProcessMemory or WriteProcessMemory request was completed. (0x12B)
[1001/010017.898:ERROR:process_memory_win.cc(73)] ReadMemory at 0x9b9f00 of 132 bytes failed: Only part of a ReadProcessMemory or WriteProcessMemory request was completed. (0x12B)
[1001/010017.898:ERROR:process_memory_win.cc(73)] ReadMemory at 0x9b9ff0 of 132 bytes failed: Only part of a ReadProcessMemory or WriteProcessMemory request was completed. (0x12B)
[1001/010017.915:ERROR:process_memory_win.cc(73)] ReadMemory at 0x9ba0e0 of 132 bytes failed: Only part of a ReadProcessMemory or WriteProcessMemory request was completed. (0x12B)
[1001/010017.915:ERROR:process_memory_win.cc(73)] ReadMemory at 0x9ba1d0 of 132 bytes failed: Only part of a ReadProcessMemory or WriteProcessMemory request was completed. (0x12B)
[1001/010017.915:ERROR:process_memory_win.cc(73)] ReadMemory at 0x9ba2c0 of 132 bytes failed: Only part of a ReadProcessMemory or WriteProcessMemory request was completed. (0x12B)
[1001/010017.962:ERROR:process_memory_win.cc(73)] ReadMemory at 0x9ba3b0 of 132 bytes failed: Only part of a ReadProcessMemory or WriteProcessMemory request was completed. (0x12B)
[1001/010017.962:ERROR:process_memory_win.cc(73)] ReadMemory at 0x9ba4a0 of 132 bytes failed: Only part of a ReadProcessMemory or WriteProcessMemory request was completed. (0x12B)
[1001/010017.972:ERROR:process_memory_win.cc(73)] ReadMemory at 0x9ba590 of 132 bytes failed: Only part of a ReadProcessMemory or WriteProcessMemory request was completed. (0x12B)
[1001/010017.972:ERROR:process_memory_win.cc(73)] ReadMemory at 0x9ba680 of 132 bytes failed: Only part of a ReadProcessMemory or WriteProcessMemory request was completed. (0x12B)
[1001/010017.972:ERROR:process_memory_win.cc(73)] ReadMemory at 0x9ba770 of 132 bytes failed: Only part of a ReadProcessMemory or WriteProcessMemory request was completed. (0x12B)
[1001/010017.973:ERROR:process_memory_win.cc(73)] ReadMemory at 0x9ba860 of 132 bytes failed: Only part of a ReadProcessMemory or WriteProcessMemory request was completed. (0x12B)
[1001/010017.973:ERROR:process_memory_win.cc(73)] ReadMemory at 0x9bc090 of 156 bytes failed: Only part of a ReadProcessMemory or WriteProcessMemory request was completed. (0x12B)
[1001/010017.973:ERROR:process_memory_win.cc(73)] ReadMemory at 0x9be0c0 of 512 bytes failed: Only part of a ReadProcessMemory or WriteProcessMemory request was completed. (0x12B)
[1001/010017.973:ERROR:process_memory_win.cc(73)] ReadMemory at 0x9c8a60 of 66 bytes failed: Only part of a ReadProcessMemory or WriteProcessMemory request was completed. (0x12B)
[1001/010017.973:ERROR:process_memory_win.cc(73)] ReadMemory at 0x9d3730 of 512 bytes failed: Only part of a ReadProcessMemory or WriteProcessMemory request was completed. (0x12B)
[1001/010017.973:ERROR:process_memory_win.cc(73)] ReadMemory at 0x9d3b90 of 512 bytes failed: Only part of a ReadProcessMemory or WriteProcessMemory request was completed. (0x12B)
[1001/010017.973:ERROR:process_memory_win.cc(73)] ReadMemory at 0xb20188 of 512 bytes failed: Only part of a ReadProcessMemory or WriteProcessMemory request was completed. (0x12B)
[1001/010017.973:ERROR:process_memory_win.cc(73)] ReadMemory at 0xe241c0 of 512 bytes failed: Only part of a ReadProcessMemory or WriteProcessMemory request was completed. (0x12B)
[1001/010017.973:ERROR:process_memory_win.cc(73)] ReadMemory at 0x317a400 of 512 bytes failed: Only part of a ReadProcessMemory or WriteProcessMemory request was completed. (0x12B)
[1001/010018.068:ERROR:process_memory_win.cc(73)] ReadMemory at 0x317cb10 of 512 bytes failed: Only part of a ReadProcessMemory or WriteProcessMemory request was completed. (0x12B)
[1001/010018.068:ERROR:process_memory_win.cc(73)] ReadMemory at 0x317e148 of 512 bytes failed: Only part of a ReadProcessMemory or WriteProcessMemory request was completed. (0x12B)
[1001/010018.068:ERROR:process_memory_win.cc(73)] ReadMemory at 0x3181170 of 576 bytes failed: Only part of a ReadProcessMemory or WriteProcessMemory request was completed. (0x12B)
[1001/010018.068:ERROR:process_memory_win.cc(73)] ReadMemory at 0x3181590 of 512 bytes failed: Only part of a ReadProcessMemory or WriteProcessMemory request was completed. (0x12B)
[1001/010018.068:ERROR:process_memory_win.cc(73)] ReadMemory at 0x3181a50 of 512 bytes failed: Only part of a ReadProcessMemory or WriteProcessMemory request was completed. (0x12B)
[1001/010018.068:ERROR:process_memory_win.cc(73)] ReadMemory at 0x31ad9e8 of 512 bytes failed: Only part of a ReadProcessMemory or WriteProcessMemory request was completed. (0x12B)
[1001/010018.068:ERROR:process_memory_win.cc(73)] ReadMemory at 0x31cb7d0 of 512 bytes failed: Only part of a ReadProcessMemory or WriteProcessMemory request was completed. (0x12B)
[1001/010018.069:ERROR:process_memory_win.cc(73)] ReadMemory at 0x31cbaa0 of 512 bytes failed: Only part of a ReadProcessMemory or WriteProcessMemory request was completed. (0x12B)
[1001/010018.069:ERROR:process_memory_win.cc(73)] ReadMemory at 0x31ce550 of 712 bytes failed: Only part of a ReadProcessMemory or WriteProcessMemory request was completed. (0x12B)
[1001/010018.069:ERROR:process_memory_win.cc(73)] ReadMemory at 0x73afb18 of 904 bytes failed: Only part of a ReadProcessMemory or WriteProcessMemory request was completed. (0x12B)
[1001/010018.069:ERROR:process_memory_win.cc(73)] ReadMemory at 0x73b7a80 of 512 bytes failed: Only part of a ReadProcessMemory or WriteProcessMemory request was completed. (0x12B)
[1001/010018.085:ERROR:process_memory_win.cc(73)] ReadMemory at 0x74506c0 of 512 bytes failed: Only part of a ReadProcessMemory or WriteProcessMemory request was completed. (0x12B)
[1001/010018.085:ERROR:process_memory_win.cc(73)] ReadMemory at 0x751c0c0 of 512 bytes failed: Only part of a ReadProcessMemory or WriteProcessMemory request was completed. (0x12B)
[1001/010018.085:ERROR:process_memory_win.cc(73)] ReadMemory at 0x753dc00 of 512 bytes failed: Only part of a ReadProcessMemory or WriteProcessMemory request was completed. (0x12B)
[1001/010018.085:ERROR:process_memory_win.cc(73)] ReadMemory at 0xaf29bc0 of 512 bytes failed: Only part of a ReadProcessMemory or WriteProcessMemory request was completed. (0x12B)
[1001/010018.093:ERROR:process_memory_win.cc(73)] ReadMemory at 0xc7f8428 of 536 bytes failed: Only part of a ReadProcessMemory or WriteProcessMemory request was completed. (0x12B)
[1001/010018.093:ERROR:process_memory_win.cc(73)] ReadMemory at 0xc80bf98 of 512 bytes failed: Only part of a ReadProcessMemory or WriteProcessMemory request was completed. (0x12B)
[1001/010018.093:ERROR:process_memory_win.cc(73)] ReadMemory at 0x1047e3f0 of 896 bytes failed: Only part of a ReadProcessMemory or WriteProcessMemory request was completed. (0x12B)
[1001/010018.129:ERROR:process_memory_win.cc(73)] ReadMemory at 0x774df4e0 of 512 bytes failed: Only part of a ReadProcessMemory or WriteProcessMemory request was completed. (0x12B)
[1001/010018.129:ERROR:process_memory_win.cc(73)] ReadMemory at 0x776f8e80 of 512 bytes failed: Only part of a ReadProcessMemory or WriteProcessMemory request was completed. (0x12B)
[1001/010018.130:ERROR:process_memory_win.cc(73)] ReadMemory at 0x776f9a10 of 512 bytes failed: Only part of a ReadProcessMemory or WriteProcessMemory request was completed. (0x12B)
[1001/010018.130:ERROR:process_memory_win.cc(73)] ReadMemory at 0x7772fe7a of 592 bytes failed: Only part of a ReadProcessMemory or WriteProcessMemory request was completed. (0x12B)
[1001/010018.130:ERROR:process_memory_win.cc(73)] ReadMemory at 0x777303ea of 512 bytes failed: Only part of a ReadProcessMemory or WriteProcessMemory request was completed. (0x12B)
[1001/010018.130:ERROR:process_memory_win.cc(73)] ReadMemory at 0x7773172a of 528 bytes failed: Only part of a ReadProcessMemory or WriteProcessMemory request was completed. (0x12B)
[1001/010018.130:ERROR:process_memory_win.cc(73)] ReadMemory at 0x777e41f0 of 1064 bytes failed: Only part of a ReadProcessMemory or WriteProcessMemory request was completed. (0x12B)
[1001/010018.130:ERROR:process_memory_win.cc(73)] ReadMemory at 0x777f7270 of 18 bytes failed: Only part of a ReadProcessMemory or WriteProcessMemory request was completed. (0x12B)
[1001/010018.130:ERROR:process_memory_win.cc(73)] ReadMemory at 0x77813640 of 64 bytes failed: Only part of a ReadProcessMemory or WriteProcessMemory request was completed. (0x12B)
[1001/010018.130:ERROR:process_memory_win.cc(73)] ReadMemory at 0x77818100 of 48 bytes failed: Only part of a ReadProcessMemory or WriteProcessMemory request was completed. (0x12B)
[1001/010018.130:ERROR:process_memory_win.cc(73)] ReadMemory at 0x77818490 of 40 bytes failed: Only part of a ReadProcessMemory or WriteProcessMemory request was completed. (0x12B)
[1001/010018.131:ERROR:process_memory_win.cc(73)] ReadMemory at 0x25835b00000 of 384 bytes failed: Only part of a ReadProcessMemory or WriteProcessMemory request was completed. (0x12B)
[1001/010018.131:ERROR:process_memory_win.cc(73)] ReadMemory at 0x25835b2ff80 of 529 bytes failed: Only part of a ReadProcessMemory or WriteProcessMemory request was completed. (0x12B)
[1001/010018.131:ERROR:process_memory_win.cc(73)] ReadMemory at 0x2de799906d0 of 512 bytes failed: Only part of a ReadProcessMemory or WriteProcessMemory request was completed. (0x12B)
[1001/010018.131:ERROR:process_memory_win.cc(73)] ReadMemory at 0x378bc9ccdd0 of 512 bytes failed: Only part of a ReadProcessMemory or WriteProcessMemory request was completed. (0x12B)
[1001/010018.131:ERROR:process_memory_win.cc(73)] ReadMemory at 0x4913dec0000 of 384 bytes failed: Only part of a ReadProcessMemory or WriteProcessMemory request was completed. (0x12B)
[1001/010018.131:ERROR:process_memory_win.cc(73)] ReadMemory at 0x4913dedff50 of 561 bytes failed: Only part of a ReadProcessMemory or WriteProcessMemory request was completed. (0x12B)
[1001/010018.131:ERROR:process_memory_win.cc(73)] ReadMemory at 0x5c2c93e1a20 of 512 bytes failed: Only part of a ReadProcessMemory or WriteProcessMemory request was completed. (0x12B)
[1001/010018.131:ERROR:process_memory_win.cc(73)] ReadMemory at 0x7de79400000 of 384 bytes failed: Only part of a ReadProcessMemory or WriteProcessMemory request was completed. (0x12B)
[1001/010018.132:ERROR:process_memory_win.cc(73)] ReadMemory at 0x7de7940ef80 of 521 bytes failed: Only part of a ReadProcessMemory or WriteProcessMemory request was completed. (0x12B)
[1001/010018.132:ERROR:process_memory_win.cc(73)] ReadMemory at 0x7fee5fe28d6 of 512 bytes failed: Only part of a ReadProcessMemory or WriteProcessMemory request was completed. (0x12B)
[1001/010018.132:ERROR:process_memory_win.cc(73)] ReadMemory at 0x7fee605889c of 512 bytes failed: Only part of a ReadProcessMemory or WriteProcessMemory request was completed. (0x12B)
[1001/010018.132:ERROR:process_memory_win.cc(73)] ReadMemory at 0x7fee666afb1 of 512 bytes failed: Only part of a ReadProcessMemory or WriteProcessMemory request was completed. (0x12B)
[1001/010018.132:ERROR:process_memory_win.cc(73)] ReadMemory at 0x7fee756ad31 of 512 bytes failed: Only part of a ReadProcessMemory or WriteProcessMemory request was completed. (0x12B)
[1001/010018.132:ERROR:process_memory_win.cc(73)] ReadMemory at 0x7fee75a7132 of 512 bytes failed: Only part of a ReadProcessMemory or WriteProcessMemory request was completed. (0x12B)
[1001/010018.132:ERROR:process_memory_win.cc(73)] ReadMemory at 0x7feea388681 of 512 bytes failed: Only part of a ReadProcessMemory or WriteProcessMemory request was completed. (0x12B)
[1001/010018.140:ERROR:process_memory_win.cc(73)] ReadMemory at 0x7feea4878d0 of 512 bytes failed: Only part of a ReadProcessMemory or WriteProcessMemory request was completed. (0x12B)
[1001/010018.140:ERROR:process_memory_win.cc(73)] ReadMemory at 0x7feeafa0e80 of 512 bytes failed: Only part of a ReadProcessMemory or WriteProcessMemory request was completed. (0x12B)
[1001/010018.140:ERROR:process_memory_win.cc(73)] ReadMemory at 0x7fef45057e6 of 512 bytes failed: Only part of a ReadProcessMemory or WriteProcessMemory request was completed. (0x12B)
[1001/010018.140:ERROR:process_memory_win.cc(73)] ReadMemory at 0x7fef450603d of 512 bytes failed: Only part of a ReadProcessMemory or WriteProcessMemory request was completed. (0x12B)
[1001/010018.140:ERROR:process_memory_win.cc(73)] ReadMemory at 0x7fffff9c000 of 6024 bytes failed: Only part of a ReadProcessMemory or WriteProcessMemory request was completed. (0x12B)
[1001/010018.141:ERROR:process_memory_win.cc(73)] ReadMemory at 0x7fffff9e000 of 6024 bytes failed: Only part of a ReadProcessMemory or WriteProcessMemory request was completed. (0x12B)
[1001/010018.141:ERROR:process_memory_win.cc(73)] ReadMemory at 0x7fffffa0000 of 6024 bytes failed: Only part of a ReadProcessMemory or WriteProcessMemory request was completed. (0x12B)
[1001/010018.141:ERROR:process_memory_win.cc(73)] ReadMemory at 0x7fffffa2000 of 6024 bytes failed: Only part of a ReadProcessMemory or WriteProcessMemory request was completed. (0x12B)
[1001/010018.141:ERROR:process_memory_win.cc(73)] ReadMemory at 0x7fffffa4000 of 6024 bytes failed: Only part of a ReadProcessMemory or WriteProcessMemory request was completed. (0x12B)
[1001/010018.141:ERROR:process_memory_win.cc(73)] ReadMemory at 0x7fffffa6000 of 6024 bytes failed: Only part of a ReadProcessMemory or WriteProcessMemory request was completed. (0x12B)
[1001/010018.141:ERROR:process_memory_win.cc(73)] ReadMemory at 0x7fffffa8000 of 6024 bytes failed: Only part of a ReadProcessMemory or WriteProcessMemory request was completed. (0x12B)
[1001/010018.142:ERROR:process_memory_win.cc(73)] ReadMemory at 0x7fffffaa000 of 6024 bytes failed: Only part of a ReadProcessMemory or WriteProcessMemory request was completed. (0x12B)
[1001/010018.142:ERROR:process_memory_win.cc(73)] ReadMemory at 0x7fffffac000 of 6024 bytes failed: Only part of a ReadProcessMemory or WriteProcessMemory request was completed. (0x12B)
[1001/010018.142:ERROR:process_memory_win.cc(73)] ReadMemory at 0x7fffffae000 of 6024 bytes failed: Only part of a ReadProcessMemory or WriteProcessMemory request was completed. (0x12B)
[1001/010018.142:ERROR:process_memory_win.cc(73)] ReadMemory at 0x7fffffd3000 of 6024 bytes failed: Only part of a ReadProcessMemory or WriteProcessMemory request was completed. (0x12B)
[1001/010018.142:ERROR:process_memory_win.cc(73)] ReadMemory at 0x7fffffd5000 of 6024 bytes failed: Only part of a ReadProcessMemory or WriteProcessMemory request was completed. (0x12B)
[1001/010018.143:ERROR:process_memory_win.cc(73)] ReadMemory at 0x7fffffd7000 of 6024 bytes failed: Only part of a ReadProcessMemory or WriteProcessMemory request was completed. (0x12B)
[1001/010018.143:ERROR:process_memory_win.cc(73)] ReadMemory at 0x7fffffd9000 of 6024 bytes failed: Only part of a ReadProcessMemory or WriteProcessMemory request was completed. (0x12B)
[1001/010018.143:ERROR:process_memory_win.cc(73)] ReadMemory at 0x7fffffdb000 of 6024 bytes failed: Only part of a ReadProcessMemory or WriteProcessMemory request was completed. (0x12B)
[1001/010018.143:ERROR:process_memory_win.cc(73)] ReadMemory at 0x7fffffdd000 of 852 bytes failed: Only part of a ReadProcessMemory or WriteProcessMemory request was completed. (0x12B)
[1001/010018.143:ERROR:process_memory_win.cc(73)] ReadMemory at 0x7fffffde000 of 6024 bytes failed: Only part of a ReadProcessMemory or WriteProcessMemory request was completed. (0x12B)
[1001/010018.250:ERROR:scoped_process_suspend.cc(40)] NtResumeProcess: An attempt was made to access an exiting process. (0xc000010a)
